<?xml version="1.0" encoding="UTF-8"?>
<robot generator="Robot 4.1.3 (Python 3.7.5 on win32)" generated="20220504 11:30:08.373" rpa="false" schemaversion="2">
<suite id="s1" name="Sign up" source="d:\TTMovie\Robot test\TTMovie\Sign up.robot">
<test id="s1-t1" name="Test Case 01">
<kw name="Open and access to &quot;https://ttmovie.vercel.app&quot;" sourcename="Open and access to &quot;${link}&quot;">
<kw name="Open Available Browser" library="RPA.Browser">
<arg>${link}</arg>
<doc>Attempts to open a browser on the user's device from a set of
supported browsers. Automatically downloads a corresponding webdriver
if none is already installed.</doc>
<msg timestamp="20220504 11:30:11.277" level="INFO">Creating an instance of the Chrome WebDriver.</msg>
<msg timestamp="20220504 11:30:13.229" level="INFO">Created Chrome browser with arguments: --disable-dev-shm-usage --disable-web-security --allow-running-insecure-content --no-sandbox</msg>
<msg timestamp="20220504 11:30:13.229" level="INFO" html="true">&lt;p&gt;Attempted combinations:&lt;/p&gt;&lt;div class="doc"&gt;&lt;table&gt;&lt;tr&gt;&lt;th&gt;Browser&lt;/th&gt;&lt;th&gt;Download&lt;/th&gt;&lt;th&gt;Error&lt;/th&gt;&lt;/tr&gt;&lt;tr&gt;&lt;td&gt;Chrome&lt;/td&gt;&lt;td&gt;False&lt;/td&gt;&lt;td&gt;&lt;/td&gt;&lt;/tr&gt;&lt;/table&gt;&lt;/div&gt;</msg>
<msg timestamp="20220504 11:30:13.230" level="INFO">Opening url 'https://ttmovie.vercel.app'</msg>
<status status="PASS" starttime="20220504 11:30:11.277" endtime="20220504 11:30:20.635"/>
</kw>
<kw name="Maximize Browser Window" library="RPA.Browser">
<doc>Maximizes current browser window.</doc>
<status status="PASS" starttime="20220504 11:30:20.635" endtime="20220504 11:30:20.888"/>
</kw>
<status status="PASS" starttime="20220504 11:30:11.276" endtime="20220504 11:30:20.888"/>
</kw>
<kw name="Click to link sign up page">
<kw name="Click Link" library="RPA.Browser">
<arg>/sign-up</arg>
<doc>Clicks a link identified by ``locator``.</doc>
<msg timestamp="20220504 11:30:20.891" level="INFO">Clicking link '/sign-up'.</msg>
<status status="PASS" starttime="20220504 11:30:20.890" endtime="20220504 11:30:21.278"/>
</kw>
<kw name="Maximize Browser Window" library="RPA.Browser">
<doc>Maximizes current browser window.</doc>
<status status="PASS" starttime="20220504 11:30:21.279" endtime="20220504 11:30:21.283"/>
</kw>
<status status="PASS" starttime="20220504 11:30:20.889" endtime="20220504 11:30:21.284"/>
</kw>
<kw name="Input 'JUM UÔNG' to 'taiKhoan'" sourcename="Input '${value}' to '${location}'">
<kw name="Input Text" library="RPA.Browser">
<arg>${location}</arg>
<arg>${value}</arg>
<doc>Types the given ``text`` into the text field identified by ``locator``.</doc>
<msg timestamp="20220504 11:30:21.286" level="INFO">Typing text 'JUM UÔNG' into text field 'taiKhoan'.</msg>
<status status="PASS" starttime="20220504 11:30:21.286" endtime="20220504 11:30:21.465"/>
</kw>
<status status="PASS" starttime="20220504 11:30:21.285" endtime="20220504 11:30:21.465"/>
</kw>
<kw name="Input '09112000' to 'matKhau'" sourcename="Input '${value}' to '${location}'">
<kw name="Input Text" library="RPA.Browser">
<arg>${location}</arg>
<arg>${value}</arg>
<doc>Types the given ``text`` into the text field identified by ``locator``.</doc>
<msg timestamp="20220504 11:30:21.467" level="INFO">Typing text '09112000' into text field 'matKhau'.</msg>
<status status="PASS" starttime="20220504 11:30:21.467" endtime="20220504 11:30:21.615"/>
</kw>
<status status="PASS" starttime="20220504 11:30:21.466" endtime="20220504 11:30:21.615"/>
</kw>
<kw name="Input '09112000' to 'xacNhanMK'" sourcename="Input '${value}' to '${location}'">
<kw name="Input Text" library="RPA.Browser">
<arg>${location}</arg>
<arg>${value}</arg>
<doc>Types the given ``text`` into the text field identified by ``locator``.</doc>
<msg timestamp="20220504 11:30:21.617" level="INFO">Typing text '09112000' into text field 'xacNhanMK'.</msg>
<status status="PASS" starttime="20220504 11:30:21.616" endtime="20220504 11:30:21.734"/>
</kw>
<status status="PASS" starttime="20220504 11:30:21.616" endtime="20220504 11:30:21.734"/>
</kw>
<kw name="Input 'H JUM UÔNG' to 'hoTen'" sourcename="Input '${value}' to '${location}'">
<kw name="Input Text" library="RPA.Browser">
<arg>${location}</arg>
<arg>${value}</arg>
<doc>Types the given ``text`` into the text field identified by ``locator``.</doc>
<msg timestamp="20220504 11:30:21.736" level="INFO">Typing text 'H JUM UÔNG' into text field 'hoTen'.</msg>
<status status="PASS" starttime="20220504 11:30:21.735" endtime="20220504 11:30:21.862"/>
</kw>
<status status="PASS" starttime="20220504 11:30:21.734" endtime="20220504 11:30:21.862"/>
</kw>
<kw name="Input 'hjumuong10a6@gmail.com' to 'email'" sourcename="Input '${value}' to '${location}'">
<kw name="Input Text" library="RPA.Browser">
<arg>${location}</arg>
<arg>${value}</arg>
<doc>Types the given ``text`` into the text field identified by ``locator``.</doc>
<msg timestamp="20220504 11:30:21.865" level="INFO">Typing text 'hjumuong10a6@gmail.com' into text field 'email'.</msg>
<status status="PASS" starttime="20220504 11:30:21.864" endtime="20220504 11:30:22.078"/>
</kw>
<status status="PASS" starttime="20220504 11:30:21.863" endtime="20220504 11:30:22.079"/>
</kw>
<kw name="Input '0905109504' to 'soDT'" sourcename="Input '${value}' to '${location}'">
<kw name="Input Text" library="RPA.Browser">
<arg>${location}</arg>
<arg>${value}</arg>
<doc>Types the given ``text`` into the text field identified by ``locator``.</doc>
<msg timestamp="20220504 11:30:22.081" level="INFO">Typing text '0905109504' into text field 'soDT'.</msg>
<status status="PASS" starttime="20220504 11:30:22.080" endtime="20220504 11:30:22.205"/>
</kw>
<status status="PASS" starttime="20220504 11:30:22.079" endtime="20220504 11:30:22.205"/>
</kw>
<kw name="click to submit button">
<kw name="Click Element" library="RPA.Browser">
<arg>//*[@id="root"]/main/div[1]/form/button/span[1]</arg>
<doc>Click the element identified by ``locator``.</doc>
<msg timestamp="20220504 11:30:22.206" level="INFO">Clicking element '//*[@id="root"]/main/div[1]/form/button/span[1]'.</msg>
<status status="PASS" starttime="20220504 11:30:22.206" endtime="20220504 11:30:22.265"/>
</kw>
<status status="PASS" starttime="20220504 11:30:22.205" endtime="20220504 11:30:22.266"/>
</kw>
<kw name="Capture Page Screenshot" library="RPA.Browser">
<arg>Sign_up_TC01.png</arg>
<doc>Takes a screenshot of the current page and embeds it into a log file.</doc>
<msg timestamp="20220504 11:30:22.467" level="INFO" html="true">&lt;/td&gt;&lt;/tr&gt;&lt;tr&gt;&lt;td colspan="3"&gt;&lt;a href="Sign_up_TC01.png"&gt;&lt;img src="Sign_up_TC01.png" width="800px"&gt;&lt;/a&gt;</msg>
<status status="PASS" starttime="20220504 11:30:22.267" endtime="20220504 11:30:22.467"/>
</kw>
<kw name="Close Browser" library="RPA.Browser" type="TEARDOWN">
<doc>Closes the current browser.</doc>
<status status="PASS" starttime="20220504 11:30:22.468" endtime="20220504 11:30:26.521"/>
</kw>
<doc>[Sign up] Verify user sign up successful when entering the correct requirements of the registration form</doc>
<status status="PASS" starttime="20220504 11:30:11.275" endtime="20220504 11:30:26.521"/>
</test>
<test id="s1-t2" name="Test Case 02">
<kw name="Open and access to &quot;https://ttmovie.vercel.app&quot;" sourcename="Open and access to &quot;${link}&quot;">
<kw name="Open Available Browser" library="RPA.Browser">
<arg>${link}</arg>
<doc>Attempts to open a browser on the user's device from a set of
supported browsers. Automatically downloads a corresponding webdriver
if none is already installed.</doc>
<msg timestamp="20220504 11:30:26.527" level="INFO">Creating an instance of the Chrome WebDriver.</msg>
<msg timestamp="20220504 11:30:29.031" level="INFO">Created Chrome browser with arguments: --disable-dev-shm-usage --disable-web-security --allow-running-insecure-content --no-sandbox</msg>
<msg timestamp="20220504 11:30:29.031" level="INFO" html="true">&lt;p&gt;Attempted combinations:&lt;/p&gt;&lt;div class="doc"&gt;&lt;table&gt;&lt;tr&gt;&lt;th&gt;Browser&lt;/th&gt;&lt;th&gt;Download&lt;/th&gt;&lt;th&gt;Error&lt;/th&gt;&lt;/tr&gt;&lt;tr&gt;&lt;td&gt;Chrome&lt;/td&gt;&lt;td&gt;False&lt;/td&gt;&lt;td&gt;&lt;/td&gt;&lt;/tr&gt;&lt;/table&gt;&lt;/div&gt;